SF:lib/presentation/core/cool_movie_app.dart
DA:7,1
DA:10,1
DA:12,1
DA:13,1
DA:14,1
DA:15,2
DA:16,2
DA:17,3
DA:20,1
DA:21,3
DA:24,1
DA:25,1
DA:26,1
DA:27,1
DA:32,1
LF:15
LH:15
end_of_record
SF:lib/main.dart
DA:3,0
DA:4,0
DA:5,0
DA:6,0
LF:4
LH:0
end_of_record
SF:lib/application/get_movies/movie_bloc.dart
DA:18,0
DA:19,0
DA:20,0
DA:22,0
DA:23,0
DA:24,0
DA:26,0
DA:30,0
DA:31,0
DA:32,0
DA:34,0
DA:35,0
DA:36,0
DA:39,0
DA:42,0
LF:15
LH:0
end_of_record
SF:lib/application/get_movies/movie_state.dart
DA:13,0
LF:1
LH:0
end_of_record
SF:lib/domain/get_movies/objects/get_movies_response_object.dart
DA:7,0
DA:16,0
DA:17,0
DA:18,0
DA:19,0
DA:20,0
DA:21,0
LF:7
LH:0
end_of_record
SF:lib/infrastructure/get_movies/get_movies_repository.dart
DA:10,0
DA:11,0
DA:13,0
LF:3
LH:0
end_of_record
SF:lib/infrastructure/remote_services/http_service/http_services.dart
DA:11,0
DA:12,0
DA:13,0
DA:15,0
DA:26,0
DA:28,0
DA:30,0
DA:34,0
DA:37,0
DA:40,0
DA:44,0
DA:47,0
DA:50,0
DA:54,0
DA:57,0
DA:60,0
DA:64,0
DA:67,0
DA:70,0
LF:19
LH:0
end_of_record
SF:lib/infrastructure/remote_services/remote_data_source.dart
DA:13,0
DA:15,0
DA:17,0
DA:18,0
DA:19,0
DA:20,0
DA:22,0
DA:23,0
LF:8
LH:0
end_of_record
SF:lib/presentation/core/api_execptions.dart
DA:5,0
DA:7,0
DA:8,0
LF:3
LH:0
end_of_record
SF:lib/injectable_module.dart
DA:11,0
DA:12,0
LF:2
LH:0
end_of_record
SF:lib/injector.dart
DA:20,3
DA:22,0
DA:23,0
LF:3
LH:1
end_of_record
SF:lib/presentation/core/themes/theme/bloc/theme_bloc.dart
DA:13,4
DA:14,2
DA:15,2
DA:16,3
DA:20,1
DA:21,0
DA:22,0
LF:7
LH:5
end_of_record
SF:lib/presentation/movies_home/movie_home_page.dart
DA:11,1
DA:12,1
DA:14,1
DA:15,1
DA:16,1
DA:17,0
DA:18,0
DA:24,0
DA:25,0
DA:27,0
DA:31,0
DA:32,0
DA:33,0
DA:34,0
LF:14
LH:5
end_of_record
SF:lib/presentation/core/themes/theme_observer.dart
DA:9,1
DA:11,1
DA:12,1
DA:16,1
DA:18,1
DA:19,2
DA:22,0
DA:24,0
DA:25,0
DA:28,0
DA:30,0
DA:31,0
DA:34,1
DA:36,2
LF:14
LH:8
end_of_record
SF:lib/presentation/core/themes/app_theme.dart
DA:19,3
DA:27,1
DA:38,0
DA:46,0
LF:4
LH:2
end_of_record
SF:lib/presentation/movies_home/movie_detail_page.dart
DA:9,0
DA:11,0
DA:13,0
DA:14,0
DA:15,0
DA:17,0
DA:19,0
DA:20,0
DA:21,0
DA:22,0
DA:23,0
DA:24,0
DA:25,0
DA:32,0
DA:34,0
DA:35,0
DA:36,0
DA:40,0
DA:44,0
DA:47,0
DA:48,0
DA:49,0
DA:53,0
DA:56,0
DA:59,0
DA:60,0
LF:26
LH:0
end_of_record
SF:lib/presentation/movies_home/widgets/movie_cards.dart
DA:8,0
DA:10,0
DA:12,0
DA:13,0
DA:14,0
DA:15,0
DA:17,0
DA:18,0
DA:20,0
DA:30,0
DA:32,0
DA:33,0
DA:34,0
DA:35,0
DA:36,0
DA:38,0
DA:39,0
DA:45,0
LF:18
LH:0
end_of_record
